
NEW CMD = dbt run -m ./models/streamline/streamline__blocks_history.sql

NEW CMD = dbt run -m ./models/streamline/streamline__blocks_history.sql
[0m13:47:11  Running with dbt=1.2.1
[0m13:47:12  Found 17 models, 128 tests, 0 snapshots, 0 analyses, 646 macros, 1 operation, 0 seed files, 8 sources, 0 exposures, 0 metrics
[0m13:47:12
[0m13:47:21
[0m13:47:21  Running 1 on-run-start hook
[0m13:47:22  1 of 1 START hook: axelar.on-run-start.0 ....................................... [RUN]
[0m13:47:22  1 of 1 OK hook: axelar.on-run-start.0 .......................................... [[32mOK[0m in 0.00s]
[0m13:47:22
[0m13:47:23  Concurrency: 1 threads (target='dev')
[0m13:47:23
[0m13:47:23  1 of 1 START view model streamline.blocks_history .............................. [RUN]
[0m13:47:24  1 of 1 OK created view model streamline.blocks_history ......................... [[32mSUCCESS 1[0m in 1.03s]
[0m13:47:24
[0m13:47:24  Finished running 1 view model, 1 hook in 0 hours 0 minutes and 11.95 seconds (11.95s).
[0m13:47:24
[0m13:47:24  [32mCompleted successfully[0m
[0m13:47:24
[0m13:47:24  Done. PASS=1 WARN=0 ERROR=0 SKIP=0 TOTAL=1

NEW CMD = dbt run -m ./models/streamline/streamline__blocks_history.sql

NEW CMD = dbt run -m ./models/streamline/streamline__blocks_history.sql
[0m14:08:20  Running with dbt=1.2.1
[0m14:08:20  Found 17 models, 128 tests, 0 snapshots, 0 analyses, 646 macros, 1 operation, 0 seed files, 8 sources, 0 exposures, 0 metrics
[0m14:08:20
[0m14:08:30
[0m14:08:30  Running 1 on-run-start hook
[0m14:08:31  1 of 1 START hook: axelar.on-run-start.0 ....................................... [RUN]
[0m14:08:31  1 of 1 OK hook: axelar.on-run-start.0 .......................................... [[32mOK[0m in 0.00s]
[0m14:08:31
[0m14:08:31  Concurrency: 1 threads (target='dev')
[0m14:08:31
[0m14:08:31  1 of 1 START view model streamline.blocks_history .............................. [RUN]
[0m14:08:32  1 of 1 OK created view model streamline.blocks_history ......................... [[32mSUCCESS 1[0m in 0.93s]
[0m14:08:32
[0m14:08:32  Finished running 1 view model, 1 hook in 0 hours 0 minutes and 11.79 seconds (11.79s).
[0m14:08:32  
[0m14:08:32  [32mCompleted successfully[0m
[0m14:08:32  
[0m14:08:32  Done. PASS=1 WARN=0 ERROR=0 SKIP=0 TOTAL=1

NEW CMD = dbt run -m ./models/streamline/streamline__blocks_history.sql

NEW CMD = dbt run -m ./models/streamline/streamline__blocks_history.sql
[0m14:20:24  Running with dbt=1.2.1
[0m14:20:25  Found 17 models, 128 tests, 0 snapshots, 0 analyses, 646 macros, 1 operation, 0 seed files, 8 sources, 0 exposures, 0 metrics
[0m14:20:25
[0m14:20:34
[0m14:20:34  Running 1 on-run-start hook
[0m14:20:35  1 of 1 START hook: axelar.on-run-start.0 ....................................... [RUN]
[0m14:20:35  1 of 1 OK hook: axelar.on-run-start.0 .......................................... [[32mOK[0m in 0.00s]
[0m14:20:35
[0m14:20:35  Concurrency: 1 threads (target='dev')
[0m14:20:35
[0m14:20:35  1 of 1 START view model streamline.blocks_history .............................. [RUN]
[0m14:20:36  1 of 1 OK created view model streamline.blocks_history ......................... [[32mSUCCESS 1[0m in 1.02s]
[0m14:20:36
[0m14:20:36  Finished running 1 view model, 1 hook in 0 hours 0 minutes and 11.84 seconds (11.84s).
[0m14:20:36
[0m14:20:36  [32mCompleted successfully[0m
[0m14:20:36
[0m14:20:36  Done. PASS=1 WARN=0 ERROR=0 SKIP=0 TOTAL=1

NEW CMD = dbt run -m ./models/streamline/streamline__blocks_history.sql

NEW CMD = dbt run -m ./models/streamline/streamline__blocks_history.sql
[0m14:20:59  Running with dbt=1.2.1
[0m14:21:00  Found 17 models, 128 tests, 0 snapshots, 0 analyses, 646 macros, 1 operation, 0 seed files, 8 sources, 0 exposures, 0 metrics
[0m14:21:00
[0m14:21:09
[0m14:21:09  Running 1 on-run-start hook
[0m14:21:10  1 of 1 START hook: axelar.on-run-start.0 ....................................... [RUN]
[0m14:21:10  1 of 1 OK hook: axelar.on-run-start.0 .......................................... [[32mOK[0m in 0.00s]
[0m14:21:10
[0m14:21:10  Concurrency: 1 threads (target='dev')
[0m14:21:10
[0m14:21:10  1 of 1 START view model streamline.blocks_history .............................. [RUN]
[0m14:21:11  1 of 1 OK created view model streamline.blocks_history ......................... [[32mSUCCESS 1[0m in 0.85s]
[0m14:21:11
[0m14:21:11  Finished running 1 view model, 1 hook in 0 hours 0 minutes and 11.53 seconds (11.53s).
[0m14:21:11
[0m14:21:11  [32mCompleted successfully[0m
[0m14:21:11
[0m14:21:11  Done. PASS=1 WARN=0 ERROR=0 SKIP=0 TOTAL=1

NEW CMD = dbt run -m ./models/streamline/streamline__blocks_history.sql

NEW CMD = dbt run -m ./models/streamline/streamline__blocks_history.sql

NEW CMD = dbt test -m ./models/streamline/streamline__blocks_history.yml

NEW CMD = dbt test -m ./models/streamline/streamline__blocks_history.yml
[0m14:27:33  Running with dbt=1.2.1
[0m14:27:34  Found 17 models, 129 tests, 0 snapshots, 0 analyses, 646 macros, 1 operation, 0 seed files, 8 sources, 0 exposures, 0 metrics
[0m14:27:34
[0m14:27:44
[0m14:27:44  Running 1 on-run-start hook
[0m14:27:45  1 of 1 START hook: axelar.on-run-start.0 ....................................... [RUN]
[0m14:27:45  1 of 1 OK hook: axelar.on-run-start.0 .......................................... [[32mOK[0m in 0.00s]
[0m14:27:45
[0m14:27:45  Concurrency: 1 threads (target='dev')
[0m14:27:45
[0m14:27:45  1 of 1 START test dbt_expectations_expect_column_values_to_be_in_type_list_streamline__blocks_history_block_id__TIMESTAMP_NTZ  [RUN]
[0m14:27:47  1 of 1 FAIL 1 dbt_expectations_expect_column_values_to_be_in_type_list_streamline__blocks_history_block_id__TIMESTAMP_NTZ  [[31mFAIL 1[0m in 2.45s]
[0m14:27:47
[0m14:27:47  Finished running 1 test, 1 hook in 0 hours 0 minutes and 13.59 seconds (13.59s).
[0m14:27:47
[0m14:27:47  [31mCompleted with 1 error and 0 warnings:[0m
[0m14:27:47
[0m14:27:47  [31mFailure in test dbt_expectations_expect_column_values_to_be_in_type_list_streamline__blocks_history_block_id__TIMESTAMP_NTZ (models/streamline/streamline__blocks_history.yml)[0m
[0m14:27:47    Got 1 result, configured to fail if != 0
[0m14:27:47
[0m14:27:47    compiled SQL at target/compiled/axelar/models/streamline/streamline__blocks_history.yml/dbt_expectations_expect_column_415c050dccde5b6e0cf2a0776b895cdf.sql
[0m14:27:47
[0m14:27:47    See test failures:
  --------------------------------------------------------------------------------------------------------------------
  select * from AXELAR_DEV.dbt_expectations_expect_column_values_to_be_in_type_list_streamline.blocks_history_block_id
  --------------------------------------------------------------------------------------------------------------------
[0m14:27:47
[0m14:27:47  Done. PASS=0 WARN=0 ERROR=1 SKIP=0 TOTAL=1

NEW CMD = dbt test -m ./models/streamline/streamline__blocks_history.yml

NEW CMD = dbt test -m ./models/streamline/streamline__blocks_history.yml
[0m14:28:28  Running with dbt=1.2.1
[0m14:28:29  Found 17 models, 129 tests, 0 snapshots, 0 analyses, 646 macros, 1 operation, 0 seed files, 8 sources, 0 exposures, 0 metrics
[0m14:28:29
[0m14:28:40
[0m14:28:40  Running 1 on-run-start hook
[0m14:28:41  1 of 1 START hook: axelar.on-run-start.0 ....................................... [RUN]
[0m14:28:41  1 of 1 OK hook: axelar.on-run-start.0 .......................................... [[32mOK[0m in 0.00s]
[0m14:28:41
[0m14:28:41  Concurrency: 1 threads (target='dev')
[0m14:28:41
[0m14:28:41  1 of 1 START test dbt_expectations_expect_column_values_to_be_in_type_list_streamline__blocks_history_block_id__TIMESTAMP_NTZ  [RUN]
[0m14:28:43  1 of 1 FAIL 1 dbt_expectations_expect_column_values_to_be_in_type_list_streamline__blocks_history_block_id__TIMESTAMP_NTZ  [[31mFAIL 1[0m in 2.14s]
[0m14:28:43
[0m14:28:43  Finished running 1 test, 1 hook in 0 hours 0 minutes and 14.43 seconds (14.43s).
[0m14:28:43
[0m14:28:43  [31mCompleted with 1 error and 0 warnings:[0m
[0m14:28:43
[0m14:28:43  [31mFailure in test dbt_expectations_expect_column_values_to_be_in_type_list_streamline__blocks_history_block_id__TIMESTAMP_NTZ (models/streamline/streamline__blocks_history.yml)[0m
[0m14:28:43    Got 1 result, configured to fail if != 0
[0m14:28:43
[0m14:28:43    compiled SQL at target/compiled/axelar/models/streamline/streamline__blocks_history.yml/dbt_expectations_expect_column_415c050dccde5b6e0cf2a0776b895cdf.sql
[0m14:28:43
[0m14:28:43    See test failures:
  --------------------------------------------------------------------------------------------------------------------
  select * from AXELAR_DEV.dbt_expectations_expect_column_values_to_be_in_type_list_streamline.blocks_history_block_id
  --------------------------------------------------------------------------------------------------------------------
[0m14:28:43
[0m14:28:43  Done. PASS=0 WARN=0 ERROR=1 SKIP=0 TOTAL=1

NEW CMD = dbt test -m ./models/streamline/streamline__blocks_history.yml

NEW CMD = dbt test -m ./models/streamline/streamline__blocks_history.yml
[0m15:43:48  Running with dbt=1.2.1
[0m15:43:48  Found 17 models, 129 tests, 0 snapshots, 0 analyses, 646 macros, 1 operation, 0 seed files, 8 sources, 0 exposures, 0 metrics
[0m15:43:48
[0m15:43:58
[0m15:43:58  Running 1 on-run-start hook
[0m15:43:59  1 of 1 START hook: axelar.on-run-start.0 ....................................... [RUN]
[0m15:43:59  1 of 1 OK hook: axelar.on-run-start.0 .......................................... [[32mOK[0m in 0.00s]
[0m15:43:59
[0m15:44:00  Concurrency: 1 threads (target='dev')
[0m15:44:00
[0m15:44:00  1 of 1 START test dbt_expectations_expect_column_values_to_be_in_type_list_streamline__blocks_history_block_id__TIMESTAMP_NTZ  [RUN]
[0m15:44:03  1 of 1 FAIL 1 dbt_expectations_expect_column_values_to_be_in_type_list_streamline__blocks_history_block_id__TIMESTAMP_NTZ  [[31mFAIL 1[0m in 3.09s]
[0m15:44:03
[0m15:44:03  Finished running 1 test, 1 hook in 0 hours 0 minutes and 14.49 seconds (14.49s).
[0m15:44:03
[0m15:44:03  [31mCompleted with 1 error and 0 warnings:[0m
[0m15:44:03
[0m15:44:03  [31mFailure in test dbt_expectations_expect_column_values_to_be_in_type_list_streamline__blocks_history_block_id__TIMESTAMP_NTZ (models/streamline/streamline__blocks_history.yml)[0m
[0m15:44:03    Got 1 result, configured to fail if != 0
[0m15:44:03
[0m15:44:03    compiled SQL at target/compiled/axelar/models/streamline/streamline__blocks_history.yml/dbt_expectations_expect_column_415c050dccde5b6e0cf2a0776b895cdf.sql
[0m15:44:03
[0m15:44:03    See test failures:
  --------------------------------------------------------------------------------------------------------------------
  select * from AXELAR_DEV.dbt_expectations_expect_column_values_to_be_in_type_list_streamline.blocks_history_block_id
  --------------------------------------------------------------------------------------------------------------------
[0m15:44:03
[0m15:44:03  Done. PASS=0 WARN=0 ERROR=1 SKIP=0 TOTAL=1

NEW CMD = dbt test -m ./models/streamline/streamline__blocks_history.yml

NEW CMD = dbt test -m ./models/streamline/streamline__blocks_history.yml
[0m15:45:44  Running with dbt=1.2.1
[0m15:45:45  Found 17 models, 129 tests, 0 snapshots, 0 analyses, 646 macros, 1 operation, 0 seed files, 8 sources, 0 exposures, 0 metrics
[0m15:45:45
[0m15:45:54
[0m15:45:54  Running 1 on-run-start hook
[0m15:45:55  1 of 1 START hook: axelar.on-run-start.0 ....................................... [RUN]
[0m15:45:55  1 of 1 OK hook: axelar.on-run-start.0 .......................................... [[32mOK[0m in 0.00s]
[0m15:45:55
[0m15:45:56  Concurrency: 1 threads (target='dev')
[0m15:45:56
[0m15:45:56  1 of 1 START test dbt_expectations_expect_column_values_to_be_in_type_list_streamline__blocks_history_block_id__TIMESTAMP_NTZ  [RUN]
[0m15:45:58  1 of 1 FAIL 1 dbt_expectations_expect_column_values_to_be_in_type_list_streamline__blocks_history_block_id__TIMESTAMP_NTZ  [[31mFAIL 1[0m in 2.10s]
[0m15:45:58
[0m15:45:58  Finished running 1 test, 1 hook in 0 hours 0 minutes and 13.13 seconds (13.13s).
[0m15:45:58
[0m15:45:58  [31mCompleted with 1 error and 0 warnings:[0m
[0m15:45:58
[0m15:45:58  [31mFailure in test dbt_expectations_expect_column_values_to_be_in_type_list_streamline__blocks_history_block_id__TIMESTAMP_NTZ (models/streamline/streamline__blocks_history.yml)[0m
[0m15:45:58    Got 1 result, configured to fail if != 0
[0m15:45:58
[0m15:45:58    compiled SQL at target/compiled/axelar/models/streamline/streamline__blocks_history.yml/dbt_expectations_expect_column_415c050dccde5b6e0cf2a0776b895cdf.sql
[0m15:45:58
[0m15:45:58    See test failures:
  --------------------------------------------------------------------------------------------------------------------
  select * from AXELAR_DEV.dbt_expectations_expect_column_values_to_be_in_type_list_streamline.blocks_history_block_id
  --------------------------------------------------------------------------------------------------------------------
[0m15:45:58
[0m15:45:58  Done. PASS=0 WARN=0 ERROR=1 SKIP=0 TOTAL=1

NEW CMD = dbt test -m ./models/streamline/streamline__blocks_history.yml

NEW CMD = dbt test -m ./models/streamline/streamline__blocks_history.yml
[0m15:47:28  Running with dbt=1.2.1
[0m15:47:28  Found 17 models, 129 tests, 0 snapshots, 0 analyses, 646 macros, 1 operation, 0 seed files, 8 sources, 0 exposures, 0 metrics
[0m15:47:28
[0m15:47:39
[0m15:47:39  Running 1 on-run-start hook
[0m15:47:40  1 of 1 START hook: axelar.on-run-start.0 ....................................... [RUN]
[0m15:47:40  1 of 1 OK hook: axelar.on-run-start.0 .......................................... [[32mOK[0m in 0.00s]
[0m15:47:40
[0m15:47:40  Concurrency: 1 threads (target='dev')
[0m15:47:40
[0m15:47:40  1 of 1 START test dbt_expectations_expect_column_values_to_be_in_type_list_streamline__blocks_history_block_id__TIMESTAMP_NTZ  [RUN]
[0m15:47:42  1 of 1 FAIL 1 dbt_expectations_expect_column_values_to_be_in_type_list_streamline__blocks_history_block_id__TIMESTAMP_NTZ  [[31mFAIL 1[0m in 1.99s]
[0m15:47:42
[0m15:47:42  Finished running 1 test, 1 hook in 0 hours 0 minutes and 13.41 seconds (13.41s).
[0m15:47:42
[0m15:47:42  [31mCompleted with 1 error and 0 warnings:[0m
[0m15:47:42
[0m15:47:42  [31mFailure in test dbt_expectations_expect_column_values_to_be_in_type_list_streamline__blocks_history_block_id__TIMESTAMP_NTZ (models/streamline/streamline__blocks_history.yml)[0m
[0m15:47:42    Got 1 result, configured to fail if != 0
[0m15:47:42
[0m15:47:42    compiled SQL at target/compiled/axelar/models/streamline/streamline__blocks_history.yml/dbt_expectations_expect_column_415c050dccde5b6e0cf2a0776b895cdf.sql
[0m15:47:42
[0m15:47:42    See test failures:
  --------------------------------------------------------------------------------------------------------------------
  select * from AXELAR_DEV.dbt_expectations_expect_column_values_to_be_in_type_list_streamline.blocks_history_block_id
  --------------------------------------------------------------------------------------------------------------------
[0m15:47:42
[0m15:47:42  Done. PASS=0 WARN=0 ERROR=1 SKIP=0 TOTAL=1
